🔄 사인 이미지 정리 시작...

📸 사인 폴더 PNG 파일 수: 16개

✅ 이동 완료: 강병부/강병부_사인.png → 2023.08.04.강병부
✅ 이동 완료: 김가영/김가영_사인.png → 2026.01.08.김가영
✅ 이동 완료: 김용석/김용석_사인.png → 2023.12.12.김용석
✅ 이동 완료: 문광배/문광배_사인.png → 2023.08.23.문광배
✅ 이동 완료: 문은경/문은경_사인.png → 2025.10.15.문은경
✅ 이동 완료: 박진욱/박진욱_사인.png → 2023.08.29.박진욱
✅ 이동 완료: 송화용/송화용_사인.png → 2023.08.16.송화용
✅ 이동 완료: 안영호/안영호_사인.png → 2023.08.08.안영호
✅ 이동 완료: 안중철/안중철_사인.png → 2025.10.13.안중철
✅ 이동 완료: 유병묵/유병묵_사인.png → 2023.07.26.유병묵
✅ 이동 완료: 이옥형/이옥형_사인.png → 2024.03.06.이옥형
✅ 이동 완료: 이준희/이준희_사인.png → 2023.07.24.이준희
❌ 고객 폴더를 찾을 수 없음: 전윤호 (전윤호_사인.png)
✅ 이동 완료: 정해선/정해선_사인.png → 2023.12.18.정해선
✅ 이동 완료: 채영태/채영태_사인.png → 2025.04.25.채영태
✅ 이동 완료: 하종천/하종천_사인.png → 2023.07.13.하종천

============================================================
📊 정리 완료!
============================================================
✅ 성공: 15개
❌ 실패: 0개
⚠️  폴더 없음: 1개

📋 폴더를 찾을 수 없는 파일:
   - 전윤호_사인.png (고객: 전윤호)
