🔄 사인 이미지 정리 시작...

📸 사인 폴더 PNG 파일 수: 16개

⚠️  파일명 형식 불일치: 강병부_사인.png
⚠️  파일명 형식 불일치: 김가영_사인.png
⚠️  파일명 형식 불일치: 김용석_사인.png
⚠️  파일명 형식 불일치: 문광배_사인.png
⚠️  파일명 형식 불일치: 문은경_사인.png
⚠️  파일명 형식 불일치: 박진욱_사인.png
⚠️  파일명 형식 불일치: 송화용_사인.png
⚠️  파일명 형식 불일치: 안영호_사인.png
⚠️  파일명 형식 불일치: 안중철_사인.png
⚠️  파일명 형식 불일치: 유병묵_사인.png
⚠️  파일명 형식 불일치: 이옥형_사인.png
⚠️  파일명 형식 불일치: 이준희_사인.png
⚠️  파일명 형식 불일치: 전윤호_사인.png
⚠️  파일명 형식 불일치: 정해선_사인.png
⚠️  파일명 형식 불일치: 채영태_사인.png
⚠️  파일명 형식 불일치: 하종천_사인.png

============================================================
📊 정리 완료!
============================================================
✅ 성공: 0개
❌ 실패: 16개
⚠️  폴더 없음: 0개
