🚀 알리고 템플릿 스크래핑 시작...

🌐 새 브라우저 시작...
  ✅ 새 브라우저 세션 생성 완료
📍 현재 URL: about:blank
  ✅ 로그인된 상태입니다.
  ⚠️  템플릿 페이지가 아닙니다. 템플릿 페이지로 이동합니다.
  ⏩ 이미 로그인된 상태이므로 로그인 과정을 건너뜁니다.

📋 템플릿 관리 페이지로 이동 중...
  💡 직접 URL 접근은 오류가 발생하므로 메뉴 클릭 방식 사용
  방법: 메뉴 클릭으로 이동 시도...
    📄 메인 페이지로 이동 중...
    ✅ 메인 페이지 로드 완료
    🔘 "카카오톡" 메뉴 클릭 중...
    ⚠️  카카오톡 메뉴를 찾을 수 없습니다. 수동으로 클릭해주세요.

⚠️  브라우저에서 "카카오톡" 메뉴를 클릭한 후 계속하시겠습니까?
  ⏩ 비대화형 모드: 자동으로 계속 진행합니다. (3초 대기)
    🔘 "템플릿관리" 탭 클릭 중...
    ⚠️  템플릿관리 탭을 찾을 수 없습니다.
    💡 브라우저에서 수동으로 "템플릿관리" 탭을 클릭해주세요.

⚠️  브라우저에서 "템플릿관리" 탭을 클릭한 후 계속하시겠습니까?
  ⏩ 비대화형 모드: 자동으로 계속 진행합니다. (3초 대기)
    🔘 카카오채널 ID 선택 중...
    ⚠️  카카오채널 ID 드롭다운을 찾을 수 없습니다.
    ✅ 템플릿 페이지 확인 완료
    ✅ 마쓰구골프 템플릿 확인됨
  ✅ 템플릿 관리 페이지 이동 완료

🔍 카카오채널 ID 확인 중...
  ✅ 마쓰구골프 템플릿 확인됨

📊 현재 페이지에서 템플릿 목록 수집 중...
  📍 현재 URL: https://smartsms.aligo.in/shop/kakaotemplate.html
  ✅ 템플릿 페이지 확인됨
  💾 스크린샷 저장: backup/aligo-template-page.png
  💾 페이지 HTML 저장: backup/aligo-template-page.html

⚠️  템플릿 목록 페이지가 정상적으로 로드되었는지 확인해주세요.
  ⏩ 비대화형 모드: 자동으로 계속 진행합니다. (3초 대기)

🔍 템플릿 목록 찾는 중...
  📋 발견된 테이블: 6개
    테이블 1: 0개 행
    테이블 2: 2개 행
    [1]  - 
    테이블 3: 2개 행
    [1]  - 
    테이블 4: 7개 행
    [1]  - 
    [2] 채널ID - 채널ID
    [3]  - 
    [4]  - 
    [5]  - 
    [6]  - 
    [7]  - 
    테이블 5: 5개 행
    [1]  - 
    [2]  - 
    [3]  - 
    [4]  - 
    [5]  - 
    테이블 6: 20개 행
    [1] TY_1512 - 시타채 대여안내 수정
      ✅ 템플릿 발견: TY_1512 - 시타채 대여안내 수정
    [2] TW_8855 - 마쓰구 리펀드(최신)
      ✅ 템플릿 발견: TW_8855 - 마쓰구 리펀드(최신)
    [3] TW_8789 - 구매감사편지(최신)
      ✅ 템플릿 발견: TW_8789 - 구매감사편지(최신)
    [4] TW_0243 - 마쓰구 구매 보증서
      ✅ 템플릿 발견: TW_0243 - 마쓰구 구매 보증서
    [5] TV_5953 - 시타사이트&약도안내 최신
      ✅ 템플릿 발견: TV_5953 - 시타사이트&약도안내 최신
    [6] TV_5952 - 당일시타예약최신
      ✅ 템플릿 발견: TV_5952 - 당일시타예약최신
    [7] TV_5950 - 시타예약최신
      ✅ 템플릿 발견: TV_5950 - 시타예약최신
    [8] TU_2446 - 빈박스 발송
      ✅ 템플릿 발견: TU_2446 - 빈박스 발송
    [9] TU_0747 - 시타 취소
      ✅ 템플릿 발견: TU_0747 - 시타 취소
    [10] TP_6093 - 무게추 사용방법(최신)
      ✅ 템플릿 발견: TP_6093 - 무게추 사용방법(최신)
    [11] TI_8967 - 기본안내
      ✅ 템플릿 발견: TI_8967 - 기본안내
    [12] TI_8433 - [AS] 방문상담예약
      ✅ 템플릿 발견: TI_8433 - [AS] 방문상담예약
    [13] TI_5495 - [AS] 발송완료
      ✅ 템플릿 발견: TI_5495 - [AS] 발송완료
    [14] TI_5494 - [AS] 접수
      ✅ 템플릿 발견: TI_5494 - [AS] 접수
    [15] TI_5493 - [AS] 입금확인
      ✅ 템플릿 발견: TI_5493 - [AS] 입금확인
    [16] TI_5492 - [AS] 입금요청
      ✅ 템플릿 발견: TI_5492 - [AS] 입금요청
    [17] TI_5475 - 주문확인
      ✅ 템플릿 발견: TI_5475 - 주문확인
    [18] TI_5462 - 발송완료
      ✅ 템플릿 발견: TI_5462 - 발송완료
    [19] TI_5460 - 입금확인
      ✅ 템플릿 발견: TI_5460 - 입금확인
    [20] TI_5458 - 입금요청
      ✅ 템플릿 발견: TI_5458 - 입금요청
  📋 발견된 리스트 아이템: 3개

📊 총 20개 템플릿 발견

📝 템플릿 상세 정보 수집 중... (20개)

[1/20] 시타채 대여안내 수정 처리 중...
  ⚠️  상세 페이지 링크를 찾을 수 없습니다.

⚠️  템플릿 "시타채 대여안내 수정"의 상세 페이지 링크를 찾을 수 없습니다. 수동으로 확인하시겠습니까?
  ⏩ 비대화형 모드: 자동으로 계속 진행합니다. (3초 대기)

[2/20] 마쓰구 리펀드(최신) 처리 중...
  🔗 상세 페이지로 이동 중...
  ✅ 버튼 발견: 31개
  ✅ 상세 정보 수집 완료
  ❌ 상세 정보 수집 실패: page.goBack: Target page, context or browser has been closed
Call log:
  - waiting for navigation until "load"


⚠️  템플릿 2 처리 중 오류가 발생했습니다. 계속 진행하시겠습니까?
  ⏩ 비대화형 모드: 자동으로 계속 진행합니다. (3초 대기)

[3/20] 구매감사편지(최신) 처리 중...
  ❌ 상세 정보 수집 실패: page.$$: Target page, context or browser has been closed

⚠️  템플릿 3 처리 중 오류가 발생했습니다. 계속 진행하시겠습니까?
  ⏩ 비대화형 모드: 자동으로 계속 진행합니다. (3초 대기)

[4/20] 마쓰구 구매 보증서 처리 중...
  ❌ 상세 정보 수집 실패: page.$$: Target page, context or browser has been closed

⚠️  템플릿 4 처리 중 오류가 발생했습니다. 계속 진행하시겠습니까?
  ⏩ 비대화형 모드: 자동으로 계속 진행합니다. (3초 대기)

[5/20] 시타사이트&약도안내 최신 처리 중...
  ❌ 상세 정보 수집 실패: page.$$: Target page, context or browser has been closed

⚠️  템플릿 5 처리 중 오류가 발생했습니다. 계속 진행하시겠습니까?
  ⏩ 비대화형 모드: 자동으로 계속 진행합니다. (3초 대기)

[6/20] 당일시타예약최신 처리 중...
  ❌ 상세 정보 수집 실패: page.$$: Target page, context or browser has been closed

⚠️  템플릿 6 처리 중 오류가 발생했습니다. 계속 진행하시겠습니까?
  ⏩ 비대화형 모드: 자동으로 계속 진행합니다. (3초 대기)

[7/20] 시타예약최신 처리 중...
  ❌ 상세 정보 수집 실패: page.$$: Target page, context or browser has been closed

⚠️  템플릿 7 처리 중 오류가 발생했습니다. 계속 진행하시겠습니까?
  ⏩ 비대화형 모드: 자동으로 계속 진행합니다. (3초 대기)

[8/20] 빈박스 발송 처리 중...
  ❌ 상세 정보 수집 실패: page.$$: Target page, context or browser has been closed

⚠️  템플릿 8 처리 중 오류가 발생했습니다. 계속 진행하시겠습니까?
  ⏩ 비대화형 모드: 자동으로 계속 진행합니다. (3초 대기)

[9/20] 시타 취소 처리 중...
  ❌ 상세 정보 수집 실패: page.$$: Target page, context or browser has been closed

⚠️  템플릿 9 처리 중 오류가 발생했습니다. 계속 진행하시겠습니까?
  ⏩ 비대화형 모드: 자동으로 계속 진행합니다. (3초 대기)

[10/20] 무게추 사용방법(최신) 처리 중...
  ❌ 상세 정보 수집 실패: page.$$: Target page, context or browser has been closed

⚠️  템플릿 10 처리 중 오류가 발생했습니다. 계속 진행하시겠습니까?
  ⏩ 비대화형 모드: 자동으로 계속 진행합니다. (3초 대기)

[11/20] 기본안내 처리 중...
  ❌ 상세 정보 수집 실패: page.$$: Target page, context or browser has been closed

⚠️  템플릿 11 처리 중 오류가 발생했습니다. 계속 진행하시겠습니까?
  ⏩ 비대화형 모드: 자동으로 계속 진행합니다. (3초 대기)

[12/20] [AS] 방문상담예약 처리 중...
  ❌ 상세 정보 수집 실패: page.$$: Target page, context or browser has been closed

⚠️  템플릿 12 처리 중 오류가 발생했습니다. 계속 진행하시겠습니까?
  ⏩ 비대화형 모드: 자동으로 계속 진행합니다. (3초 대기)

[13/20] [AS] 발송완료 처리 중...
  ❌ 상세 정보 수집 실패: page.$$: Target page, context or browser has been closed

⚠️  템플릿 13 처리 중 오류가 발생했습니다. 계속 진행하시겠습니까?
  ⏩ 비대화형 모드: 자동으로 계속 진행합니다. (3초 대기)

[14/20] [AS] 접수 처리 중...
  ❌ 상세 정보 수집 실패: page.$$: Target page, context or browser has been closed

⚠️  템플릿 14 처리 중 오류가 발생했습니다. 계속 진행하시겠습니까?
  ⏩ 비대화형 모드: 자동으로 계속 진행합니다. (3초 대기)

[15/20] [AS] 입금확인 처리 중...
  ❌ 상세 정보 수집 실패: page.$$: Target page, context or browser has been closed

⚠️  템플릿 15 처리 중 오류가 발생했습니다. 계속 진행하시겠습니까?
  ⏩ 비대화형 모드: 자동으로 계속 진행합니다. (3초 대기)

[16/20] [AS] 입금요청 처리 중...
  ❌ 상세 정보 수집 실패: page.$$: Target page, context or browser has been closed

⚠️  템플릿 16 처리 중 오류가 발생했습니다. 계속 진행하시겠습니까?
  ⏩ 비대화형 모드: 자동으로 계속 진행합니다. (3초 대기)
