🚀 알리고 템플릿 스크래핑 시작...

🌐 새 브라우저 시작...
📍 현재 URL: about:blank
  ✅ 이미 로그인된 상태로 보입니다.
  💾 현재 상태 스크린샷 저장: backup/aligo-current-state.png

⚠️  현재 로그인 상태입니다. 계속 진행하시겠습니까?
  ⏩ 비대화형 모드: 자동으로 계속 진행합니다. (3초 대기)
  ⏩ 로그인 상태 유지하고 계속 진행...
  ⏩ 이미 로그인된 상태이므로 로그인 과정을 건너뜁니다.

📋 템플릿 관리 페이지로 이동 중...
  방법 1: 직접 URL로 이동 시도...
    🔍 시도 중: https://smartsms.aligo.in/shop/kakaotemplate.html?seq=2421&range=&kword=
      📍 현재 URL: https://smartsms.aligo.in/login.html
    🔍 시도 중: https://smartsms.aligo.in/shop/kakaotemplate.html
      📍 현재 URL: https://smartsms.aligo.in/login.html
    🔍 시도 중: https://smartsms.aligo.in/shop/kakaotalk/template/list.html
      📍 현재 URL: https://smartsms.aligo.in/shop/kakaotalk/template/list.html
    ✅ 템플릿 페이지 찾음: https://smartsms.aligo.in/shop/kakaotalk/template/list.html
  ✅ 템플릿 관리 페이지 이동 완료

🔍 카카오채널 ID 확인 중...
  ⚠️  마쓰구골프 템플릿이 보이지 않습니다. 카카오채널 ID 재선택 시도...

📊 템플릿 목록 수집 중...
  💾 스크린샷 저장: backup/aligo-template-page.png
  💾 페이지 HTML 저장: backup/aligo-template-page.html

⚠️  템플릿 목록 페이지가 정상적으로 로드되었는지 확인해주세요.
  ⏩ 비대화형 모드: 자동으로 계속 진행합니다. (3초 대기)

🔍 템플릿 목록 찾는 중...
  📋 발견된 테이블: 2개
    테이블 1: 4개 행
    [1]  - 
    [2] 페이지를 표시할 수 없습니다.
        
          죄송합니다. 요청하신 페이지를 찾을 수 없거나 표시할 수 없습니다.
          
          문의나 요청은 우측 하단의 “문의하기"으로 연락주세요.감사합니다. - 페이지를 표시할 수 없습니다.
        
          죄송합니다. 요청하신 페이
    [3] (주)알리는사람들   |   대표자 송정일   |   사업자등록번호 752-86-00032
            
            서울특별시 성동구 성수동 2가 289021 효정빌딩 지하 1층 - 고객센터
            
            02-511-4560
    [4] 고객센터
            
            02-511-4560 - 고객센터
            
            02-511-4560
    테이블 2: 1개 행
    [1] 고객센터
            
            02-511-4560 - 고객센터
            
            02-511-4560
  📋 발견된 리스트 아이템: 0개

📊 총 0개 템플릿 발견

⚠️  템플릿을 자동으로 찾을 수 없습니다. 페이지 구조를 확인하고 수동으로 템플릿을 찾아주세요.
  ⏩ 비대화형 모드: 자동으로 계속 진행합니다. (3초 대기)

📝 템플릿 상세 정보 수집 중... (0개)

⚠️  템플릿 목록이 비어있습니다. 수동으로 템플릿을 확인한 후 계속하시겠습니까?
  ⏩ 비대화형 모드: 자동으로 계속 진행합니다. (3초 대기)

✅ 스크래핑 완료!
📄 결과 저장: /Users/m2/MASLABS/win.masgolf.co.kr/backup/aligo-templates-scraped-1764201206071.json
📊 총 0개 템플릿 수집


💡 브라우저 세션을 유지합니다. (재사용 가능)
   브라우저를 닫으려면 Ctrl+C를 누르거나 스크립트를 종료하세요.

✅ 작업 완료!

💡 브라우저는 유지됩니다. 다시 실행하면 로그인 상태를 재사용합니다.
   브라우저를 닫으려면 Ctrl+C를 누르세요.
